<?xml version="1.0" encoding="UTF-8"?>
<!-- Generated by org.testng.reporters.JUnitReportReporter -->
<testsuite skipped="0" hostname="TYSS-Vijayalaxmi" name="github_package.Class1_test" tests="1" failures="0" timestamp="2023-01-20T16:42:52 IST" time="0.000" errors="0">
  <testcase name="class1_test" time="0.000" classname="github_package.Class1_test"/>
  <system-out/>
</testsuite> <!-- github_package.Class1_test -->
