<?xml version="1.0" encoding="UTF-8"?>
<!-- Generated by org.testng.reporters.JUnitReportReporter -->
<testsuite skipped="0" hostname="TYSS-Vijayalaxmi" name="Practice_Maven.CreateTest" tests="1" failures="0" timestamp="2023-01-18T11:17:20 IST" time="0.006" errors="0">
  <testcase name="create" time="0.006" classname="Practice_Maven.CreateTest"/>
  <system-out/>
</testsuite> <!-- Practice_Maven.CreateTest -->
