<?xml version="1.0" encoding="UTF-8"?>
<!-- Generated by org.testng.reporters.JUnitReportReporter -->
<testsuite skipped="0" hostname="TYSS-Vijayalaxmi" name="Practice_Maven.GithubScript1_Test" tests="1" failures="0" timestamp="2023-01-20T16:42:52 IST" time="0.001" errors="0">
  <testcase name="Script1test" time="0.001" classname="Practice_Maven.GithubScript1_Test"/>
  <system-out/>
</testsuite> <!-- Practice_Maven.GithubScript1_Test -->
