<?xml version="1.0" encoding="UTF-8"?>
<!-- Generated by org.testng.reporters.JUnitReportReporter -->
<testsuite skipped="0" hostname="TYSS-Vijayalaxmi" name="maven_scripts.TestScript1_Test" tests="2" failures="0" timestamp="2023-01-20T16:42:52 IST" time="0.001" errors="0">
  <testcase name="script1_test" time="0.000" classname="maven_scripts.TestScript1_Test"/>
  <system-out/>
  <testcase name="script2_test" time="0.001" classname="maven_scripts.TestScript1_Test"/>
  <system-out/>
</testsuite> <!-- maven_scripts.TestScript1_Test -->
