<?xml version="1.0" encoding="UTF-8"?>
<!-- Generated by org.testng.reporters.JUnitReportReporter -->
<testsuite skipped="0" hostname="TYSS-Vijayalaxmi" name="Practice_Maven.SimpleTest1" tests="1" failures="0" timestamp="2023-01-16T20:55:39 IST" time="0.000" errors="0">
  <testcase name="test1" time="0.000" classname="Practice_Maven.SimpleTest1"/>
  <system-out/>
</testsuite> <!-- Practice_Maven.SimpleTest1 -->
