<?xml version="1.0" encoding="UTF-8"?>
<!-- Generated by org.testng.reporters.JUnitReportReporter -->
<testsuite skipped="0" hostname="TYSS-Vijayalaxmi" name="Practice_Maven.Simple3_Test" tests="2" failures="0" timestamp="2023-01-17T09:53:30 IST" time="0.002" errors="0">
  <testcase name="test4" time="0.001" classname="Practice_Maven.Simple3_Test"/>
  <system-out/>
  <testcase name="test5" time="0.001" classname="Practice_Maven.Simple3_Test"/>
  <system-out/>
</testsuite> <!-- Practice_Maven.Simple3_Test -->
