<?xml version="1.0" encoding="UTF-8"?>
<!-- Generated by org.testng.reporters.JUnitReportReporter -->
<testsuite skipped="0" hostname="TYSS-Vijayalaxmi" name="Practice_Maven.UpdateTest" tests="2" failures="0" timestamp="2023-01-20T16:42:52 IST" time="0.008" errors="0">
  <testcase name="update" time="0.002" classname="Practice_Maven.UpdateTest"/>
  <system-out/>
  <testcase name="delete" time="0.006" classname="Practice_Maven.UpdateTest"/>
  <system-out/>
</testsuite> <!-- Practice_Maven.UpdateTest -->
